d:\revive-master\microprofile\build\noui_d3d11_debug_x64\vc140.pdb
d:\revive-master\microprofile\build\noui_d3d11_debug_x64\vc140.idb
d:\revive-master\microprofile\build\noui_d3d11_debug_x64\fakework.obj
d:\revive-master\microprofile\build\noui_d3d11_debug_x64\noui_d3d11.obj
d:\revive-master\microprofile\build\noui_d3d11_debug_x64\noui_d3d11.ilk
d:\revive-master\microprofile\build\noui_d3d11_debug_x64\noui_d3d11.exe
d:\revive-master\microprofile\build\noui_d3d11_debug_x64\noui_d3d11.pdb
d:\mywork\from-jianwei\hooklib\revive-master\microprofile\build\noui_d3d11_debug_x64\fakework.obj
d:\mywork\from-jianwei\hooklib\revive-master\microprofile\build\noui_d3d11_debug_x64\noui_d3d11.obj
d:\mywork\from-jianwei\hooklib\revive-master\microprofile\build\noui_d3d11_debug_x64\noui_d3d11.ilk
d:\mywork\from-jianwei\hooklib\revive-master\microprofile\build\noui_d3d11_debug_x64\vc140.idb
d:\mywork\from-jianwei\hooklib\revive-master\microprofile\build\noui_d3d11_debug_x64\noui_d3d11.pdb
d:\mywork\from-jianwei\hooklib\revive-master\microprofile\build\noui_d3d11_debug_x64\vc140.pdb
d:\mywork\from-jianwei\hooklib\revive-master\microprofile\build\noui_d3d11_debug_x64\..\..\build\noui_d3d11_debug_x64\noui_d3d11.pdb
d:\mywork\from-jianwei\hooklib\revive-master\microprofile\demo\noui_d3d11\..\..\build\noui_d3d11_debug_x64\noui_d3d11.exe
d:\mywork\from-jianwei\hooklib\revive-master\microprofile\build\noui_d3d11_debug_x64\..\..\build\noui_d3d11_debug_x64\noui_d3d11.ilk
d:\mywork\from-jianwei\hooklib\revive-master\microprofile\build\noui_d3d11_debug_x64\noui_d3d11.tlog\cl.command.1.tlog
d:\mywork\from-jianwei\hooklib\revive-master\microprofile\build\noui_d3d11_debug_x64\noui_d3d11.tlog\cl.read.1.tlog
d:\mywork\from-jianwei\hooklib\revive-master\microprofile\build\noui_d3d11_debug_x64\noui_d3d11.tlog\cl.write.1.tlog
d:\mywork\from-jianwei\hooklib\revive-master\microprofile\build\noui_d3d11_debug_x64\noui_d3d11.tlog\link.command.1.tlog
d:\mywork\from-jianwei\hooklib\revive-master\microprofile\build\noui_d3d11_debug_x64\noui_d3d11.tlog\link.read.1.tlog
d:\mywork\from-jianwei\hooklib\revive-master\microprofile\build\noui_d3d11_debug_x64\noui_d3d11.tlog\link.write.1.tlog
